1524460776878	geckodriver	INFO	geckodriver 0.20.0
1524460776886	geckodriver	INFO	Listening on 127.0.0.1:51731
1524460777338	mozrunner::runner	INFO	Running command: "/Applications/Firefox.app/Contents/MacOS/firefox-bin" "-marionette" "-profile" "/var/folders/4k/s3fzpx011bx9slhhk9f054680000gn/T/rust_mozprofile.eGcWlA86yTSY"
1524460778448	Marionette	INFO	Enabled via --marionette
2018-04-23 10:49:39.793 plugin-container[3094:71146] *** CFMessagePort: bootstrap_register(): failed 1100 (0x44c) 'Permission denied', port = 0xa33f, name = 'com.apple.tsm.portname'
See /usr/include/servers/bootstrap_defs.h for the error codes.
1524460780574	Marionette	INFO	Listening on port 51744
1524460780694	Marionette	WARN	TLS certificate errors will be ignored for this session
2018-04-23 10:49:41.481 plugin-container[3096:71228] *** CFMessagePort: bootstrap_register(): failed 1100 (0x44c) 'Permission denied', port = 0x9e43, name = 'com.apple.tsm.portname'
See /usr/include/servers/bootstrap_defs.h for the error codes.
*** UTM:SVC TimerManager:registerTimer called after profile-before-change notification. Ignoring timer registration for id: telemetry_modules_ping
1524460792984	geckodriver::marionette	ERROR	Failed to stop browser process
1524460879598	geckodriver	INFO	geckodriver 0.20.0
1524460879604	geckodriver	INFO	Listening on 127.0.0.1:52205
1524460880015	mozrunner::runner	INFO	Running command: "/Applications/Firefox.app/Contents/MacOS/firefox-bin" "-marionette" "-profile" "/var/folders/4k/s3fzpx011bx9slhhk9f054680000gn/T/rust_mozprofile.YPFLYMeo2gWd"
1524460880524	Marionette	INFO	Enabled via --marionette
2018-04-23 10:51:21.368 plugin-container[3119:71957] *** CFMessagePort: bootstrap_register(): failed 1100 (0x44c) 'Permission denied', port = 0xa33f, name = 'com.apple.tsm.portname'
See /usr/include/servers/bootstrap_defs.h for the error codes.
1524460881768	Marionette	INFO	Listening on port 52214
1524460881950	Marionette	WARN	TLS certificate errors will be ignored for this session
2018-04-23 10:51:22.401 plugin-container[3120:72025] *** CFMessagePort: bootstrap_register(): failed 1100 (0x44c) 'Permission denied', port = 0x9f3f, name = 'com.apple.tsm.portname'
See /usr/include/servers/bootstrap_defs.h for the error codes.
*** UTM:SVC TimerManager:registerTimer called after profile-before-change notification. Ignoring timer registration for id: telemetry_modules_ping
1524460894223	geckodriver::marionette	ERROR	Failed to stop browser process
1524461046207	geckodriver	INFO	geckodriver 0.20.0
1524461046212	geckodriver	INFO	Listening on 127.0.0.1:52889
1524461046624	mozrunner::runner	INFO	Running command: "/Applications/Firefox.app/Contents/MacOS/firefox-bin" "-marionette" "-profile" "/var/folders/4k/s3fzpx011bx9slhhk9f054680000gn/T/rust_mozprofile.s5SzpBAaA0e4"
1524461047098	Marionette	INFO	Enabled via --marionette
2018-04-23 10:54:07.985 plugin-container[3155:74263] *** CFMessagePort: bootstrap_register(): failed 1100 (0x44c) 'Permission denied', port = 0xa33f, name = 'com.apple.tsm.portname'
See /usr/include/servers/bootstrap_defs.h for the error codes.
1524461048398	Marionette	INFO	Listening on port 52898
1524461048574	Marionette	WARN	TLS certificate errors will be ignored for this session
2018-04-23 10:54:08.954 plugin-container[3156:74355] *** CFMessagePort: bootstrap_register(): failed 1100 (0x44c) 'Permission denied', port = 0x9f3f, name = 'com.apple.tsm.portname'
See /usr/include/servers/bootstrap_defs.h for the error codes.
*** UTM:SVC TimerManager:registerTimer called after profile-before-change notification. Ignoring timer registration for id: telemetry_modules_ping
1524461061070	geckodriver::marionette	ERROR	Failed to stop browser process
1524461084886	geckodriver	INFO	geckodriver 0.20.0
1524461084891	geckodriver	INFO	Listening on 127.0.0.1:53142
1524461085304	mozrunner::runner	INFO	Running command: "/Applications/Firefox.app/Contents/MacOS/firefox-bin" "-marionette" "-profile" "/var/folders/4k/s3fzpx011bx9slhhk9f054680000gn/T/rust_mozprofile.5E8rDzbRG5HV"
1524461085768	Marionette	INFO	Enabled via --marionette
2018-04-23 10:54:46.685 plugin-container[3170:74869] *** CFMessagePort: bootstrap_register(): failed 1100 (0x44c) 'Permission denied', port = 0xa33f, name = 'com.apple.tsm.portname'
See /usr/include/servers/bootstrap_defs.h for the error codes.
1524461086994	Marionette	INFO	Listening on port 53151
1524461087050	Marionette	WARN	TLS certificate errors will be ignored for this session
2018-04-23 10:54:47.610 plugin-container[3171:74957] *** CFMessagePort: bootstrap_register(): failed 1100 (0x44c) 'Permission denied', port = 0x9f3f, name = 'com.apple.tsm.portname'
See /usr/include/servers/bootstrap_defs.h for the error codes.
*** UTM:SVC TimerManager:registerTimer called after profile-before-change notification. Ignoring timer registration for id: telemetry_modules_ping
1524461096884	geckodriver::marionette	ERROR	Failed to stop browser process
1524461215208	geckodriver	INFO	geckodriver 0.20.0
1524461215214	geckodriver	INFO	Listening on 127.0.0.1:53701
1524461215626	mozrunner::runner	INFO	Running command: "/Applications/Firefox.app/Contents/MacOS/firefox-bin" "-marionette" "-profile" "/var/folders/4k/s3fzpx011bx9slhhk9f054680000gn/T/rust_mozprofile.MG8K8ohReitY"
1524461216092	Marionette	INFO	Enabled via --marionette
2018-04-23 10:56:56.976 plugin-container[3217:75996] *** CFMessagePort: bootstrap_register(): failed 1100 (0x44c) 'Permission denied', port = 0xa33f, name = 'com.apple.tsm.portname'
See /usr/include/servers/bootstrap_defs.h for the error codes.
1524461217322	Marionette	INFO	Listening on port 53710
1524461217360	Marionette	WARN	TLS certificate errors will be ignored for this session
2018-04-23 10:56:57.980 plugin-container[3218:76071] *** CFMessagePort: bootstrap_register(): failed 1100 (0x44c) 'Permission denied', port = 0x9f3f, name = 'com.apple.tsm.portname'
See /usr/include/servers/bootstrap_defs.h for the error codes.
*** UTM:SVC TimerManager:registerTimer called after profile-before-change notification. Ignoring timer registration for id: telemetry_modules_ping
1524461225963	geckodriver::marionette	ERROR	Failed to stop browser process
1524461343687	geckodriver	INFO	geckodriver 0.20.0
1524461343692	geckodriver	INFO	Listening on 127.0.0.1:54300
1524461344105	mozrunner::runner	INFO	Running command: "/Applications/Firefox.app/Contents/MacOS/firefox-bin" "-marionette" "-profile" "/var/folders/4k/s3fzpx011bx9slhhk9f054680000gn/T/rust_mozprofile.tOXn5nZWSRv0"
1524461344592	Marionette	INFO	Enabled via --marionette
2018-04-23 10:59:05.502 plugin-container[3252:77416] *** CFMessagePort: bootstrap_register(): failed 1100 (0x44c) 'Permission denied', port = 0xa33f, name = 'com.apple.tsm.portname'
See /usr/include/servers/bootstrap_defs.h for the error codes.
1524461345858	Marionette	INFO	Listening on port 54309
1524461346036	Marionette	WARN	TLS certificate errors will be ignored for this session
2018-04-23 10:59:06.527 plugin-container[3253:77506] *** CFMessagePort: bootstrap_register(): failed 1100 (0x44c) 'Permission denied', port = 0x9e43, name = 'com.apple.tsm.portname'
See /usr/include/servers/bootstrap_defs.h for the error codes.
*** UTM:SVC TimerManager:registerTimer called after profile-before-change notification. Ignoring timer registration for id: telemetry_modules_ping
1524461354586	geckodriver::marionette	ERROR	Failed to stop browser process
